<?xml version="1.0" encoding="UTF-8"?>
<!-- Generated by org.testng.reporters.JUnitXMLReporter -->
<testsuite ignored="0" hostname="DESKTOP-SOTS4KS" failures="0" tests="14" name="Test" time="362.727" errors="0" timestamp="2024-09-10T17:27:56 IST">
  <testcase classname="project1_test.TestCase1" name="registration" time="8.096"/>
  <testcase classname="project1_test.TestCase2" name="login" time="4.133"/>
  <testcase classname="project1_test.TestCase3" name="login_incorrect" time="4.872"/>
  <testcase classname="project1_test.TestCase4" name="editprofile" time="17.597"/>
  <testcase classname="project1_test.TestCase5" name="searchproduct" time="2.005"/>
  <testcase classname="project1_test.TestCase6" name="searchwithfilters" time="26.544"/>
  <testcase classname="project1_test.TestCase7" name="productdetailspage" time="19.026"/>
  <testcase classname="project1_test.TestCase8" name="productsortpage" time="17.03"/>
  <testcase classname="project1_test.TestCase9" name="cartpage" time="11.879"/>
  <testcase classname="project1_test.TestCase10" name="updatingcartpage" time="21.909"/>
  <testcase classname="project1_test.TestCase11" name="checkoutprocess" time="37.468"/>
  <testcase classname="project1_test.TestCase12" name="selecteachpaymentmethod" time="38.105"/>
  <testcase classname="project1_test.TestCase13" name="applycouponcode" time="40.54"/>
  <testcase classname="project1_test.TestCase15" name="cartpagewithoutlogin" time="11.316"/>
</testsuite> <!-- Test -->
