<?xml version="1.0" encoding="UTF-8"?>
<testsuite xmlns:xsi="http://www.w3.org/2001/XMLSchema-instance" xsi:noNamespaceSchemaLocation="https://maven.apache.org/surefire/maven-surefire-plugin/xsd/surefire-test-report.xsd" version="3.0.2" name="TestSuite" time="364.399" tests="14" errors="0" skipped="0" failures="0">
  <properties>
[...]
</properties>
  <testcase name="registration" classname="project1_test.TestCase1" time="8.1">
    <system-err><![CDATA[SLF4J: Failed to load class "org.slf4j.impl.StaticLoggerBinder".
SLF4J: Defaulting to no-operation (NOP) logger implementation
SLF4J: See http://www.slf4j.org/codes.html#StaticLoggerBinder for further details.
Sep 10, 2024 5:21:57 PM org.openqa.selenium.devtools.CdpVersionFinder findNearestMatch
WARNING: Unable to find an exact match for CDP version 128, returning the closest version; found: 127; Please update to a Selenium version that supports CDP version 128
]]></system-err>
  </testcase>
  <testcase name="login" classname="project1_test.TestCase2" time="4.132">
    <system-err><![CDATA[Sep 10, 2024 5:22:12 PM org.openqa.selenium.devtools.CdpVersionFinder findNearestMatch
WARNING: Unable to find an exact match for CDP version 128, returning the closest version; found: 127; Please update to a Selenium version that supports CDP version 128
ERROR StatusLogger Log4j2 could not find a logging implementation. Please add log4j-core to the classpath. Using SimpleLogger to log to the console...
]]></system-err>
  </testcase>
  <testcase name="login_incorrect" classname="project1_test.TestCase3" time="4.871">
    <system-err><![CDATA[Sep 10, 2024 5:22:26 PM org.openqa.selenium.devtools.CdpVersionFinder findNearestMatch
WARNING: Unable to find an exact match for CDP version 128, returning the closest version; found: 127; Please update to a Selenium version that supports CDP version 128
]]></system-err>
  </testcase>
  <testcase name="editprofile" classname="project1_test.TestCase4" time="17.589">
    <system-err><![CDATA[Sep 10, 2024 5:22:40 PM org.openqa.selenium.devtools.CdpVersionFinder findNearestMatch
WARNING: Unable to find an exact match for CDP version 128, returning the closest version; found: 127; Please update to a Selenium version that supports CDP version 128
]]></system-err>
  </testcase>
  <testcase name="searchproduct" classname="project1_test.TestCase5" time="2.007">
    <system-err><![CDATA[Sep 10, 2024 5:23:03 PM org.openqa.selenium.devtools.CdpVersionFinder findNearestMatch
WARNING: Unable to find an exact match for CDP version 128, returning the closest version; found: 127; Please update to a Selenium version that supports CDP version 128
]]></system-err>
  </testcase>
  <testcase name="searchwithfilters" classname="project1_test.TestCase6" time="26.541">
    <system-err><![CDATA[Sep 10, 2024 5:23:15 PM org.openqa.selenium.devtools.CdpVersionFinder findNearestMatch
WARNING: Unable to find an exact match for CDP version 128, returning the closest version; found: 127; Please update to a Selenium version that supports CDP version 128
]]></system-err>
  </testcase>
  <testcase name="productdetailspage" classname="project1_test.TestCase7" time="19.022">
    <system-out><![CDATA[The price is -> 1,499
]]></system-out>
    <system-err><![CDATA[Sep 10, 2024 5:23:48 PM org.openqa.selenium.devtools.CdpVersionFinder findNearestMatch
WARNING: Unable to find an exact match for CDP version 128, returning the closest version; found: 127; Please update to a Selenium version that supports CDP version 128
]]></system-err>
  </testcase>
  <testcase name="productsortpage" classname="project1_test.TestCase8" time="17.029">
    <system-err><![CDATA[Sep 10, 2024 5:24:14 PM org.openqa.selenium.devtools.CdpVersionFinder findNearestMatch
WARNING: Unable to find an exact match for CDP version 128, returning the closest version; found: 127; Please update to a Selenium version that supports CDP version 128
]]></system-err>
  </testcase>
  <testcase name="cartpage" classname="project1_test.TestCase9" time="11.879">
    <system-err><![CDATA[Sep 10, 2024 5:24:37 PM org.openqa.selenium.devtools.CdpVersionFinder findNearestMatch
WARNING: Unable to find an exact match for CDP version 128, returning the closest version; found: 127; Please update to a Selenium version that supports CDP version 128
]]></system-err>
  </testcase>
  <testcase name="updatingcartpage" classname="project1_test.TestCase10" time="21.906">
    <system-out><![CDATA[[01479F6E8A134C9F0452B28ECBD8E252, 3F35E4EECED7D14E1010F74DCE72D529, 29553C2BF18D96FDE26D088250297DAA]
01479F6E8A134C9F0452B28ECBD8E252
3F35E4EECED7D14E1010F74DCE72D529
]]></system-out>
    <system-err><![CDATA[Sep 10, 2024 5:24:55 PM org.openqa.selenium.devtools.CdpVersionFinder findNearestMatch
WARNING: Unable to find an exact match for CDP version 128, returning the closest version; found: 127; Please update to a Selenium version that supports CDP version 128
]]></system-err>
  </testcase>
  <testcase name="checkoutprocess" classname="project1_test.TestCase11" time="37.469">
    <system-err><![CDATA[Sep 10, 2024 5:25:23 PM org.openqa.selenium.devtools.CdpVersionFinder findNearestMatch
WARNING: Unable to find an exact match for CDP version 128, returning the closest version; found: 127; Please update to a Selenium version that supports CDP version 128
]]></system-err>
  </testcase>
  <testcase name="selecteachpaymentmethod" classname="project1_test.TestCase12" time="38.105">
    <system-err><![CDATA[Sep 10, 2024 5:26:07 PM org.openqa.selenium.devtools.CdpVersionFinder findNearestMatch
WARNING: Unable to find an exact match for CDP version 128, returning the closest version; found: 127; Please update to a Selenium version that supports CDP version 128
]]></system-err>
  </testcase>
  <testcase name="applycouponcode" classname="project1_test.TestCase13" time="40.521">
    <system-err><![CDATA[Sep 10, 2024 5:26:52 PM org.openqa.selenium.devtools.CdpVersionFinder findNearestMatch
WARNING: Unable to find an exact match for CDP version 128, returning the closest version; found: 127; Please update to a Selenium version that supports CDP version 128
]]></system-err>
  </testcase>
  <testcase name="cartpagewithoutlogin" classname="project1_test.TestCase15" time="11.317">
    <system-err><![CDATA[Sep 10, 2024 5:27:39 PM org.openqa.selenium.devtools.CdpVersionFinder findNearestMatch
WARNING: Unable to find an exact match for CDP version 128, returning the closest version; found: 127; Please update to a Selenium version that supports CDP version 128
]]></system-err>
  </testcase>
</testsuite>