<?xml version="1.0" encoding="UTF-8"?>
<testng-results ignored="0" total="1" passed="1" failed="0" skipped="0">
  <reporter-output>
    <line>
      <![CDATA[Test case is pass]]>
    </line>
  </reporter-output>
  <suite started-at="2024-09-23T15:29:13 IST" name="Default suite" finished-at="2024-09-23T15:29:33 IST" duration-ms="19770">
    <groups>
    </groups>
    <test started-at="2024-09-23T15:29:13 IST" name="Default test" finished-at="2024-09-23T15:29:33 IST" duration-ms="19770">
      <class name="project1_test.TestCase15">
        <test-method is-config="true" signature="precondition()[pri:0, instance:project1_test.TestCase15@f5acb9d]" started-at="2024-09-23T15:29:13 IST" name="precondition" finished-at="2024-09-23T15:29:18 IST" duration-ms="5139" status="PASS">
          <reporter-output>
          </reporter-output>
        </test-method> <!-- precondition -->
        <test-method signature="cartpagewithoutlogin()[pri:0, instance:project1_test.TestCase15@f5acb9d]" started-at="2024-09-23T15:29:18 IST" name="cartpagewithoutlogin" finished-at="2024-09-23T15:29:30 IST" duration-ms="11931" status="PASS">
          <reporter-output>
            <line>
              <![CDATA[Test case is pass]]>
            </line>
          </reporter-output>
        </test-method> <!-- cartpagewithoutlogin -->
        <test-method is-config="true" signature="postcondition()[pri:0, instance:project1_test.TestCase15@f5acb9d]" started-at="2024-09-23T15:29:30 IST" name="postcondition" finished-at="2024-09-23T15:29:33 IST" duration-ms="2414" status="PASS">
          <reporter-output>
          </reporter-output>
        </test-method> <!-- postcondition -->
      </class> <!-- project1_test.TestCase15 -->
    </test> <!-- Default test -->
  </suite> <!-- Default suite -->
</testng-results>
